2025-04-15 20:55:52,001 [Worker-1: Loading available Gradle versions] INFO  o.e.b.c.i.u.g.PublishedGradleVersions - Gradle version information cache is not available. Remote download required.
2025-04-15 23:28:02,563 [Worker-47: Import Getting Started Content] INFO  o.e.m.c.i.l.LifecycleMappingFactory - Using org.eclipse.m2e.jdt.JarLifecycleMapping lifecycle mapping for MavenProject: com.klef.fsd.sdp:SpringBootSDPProject:0.0.1-SNAPSHOT @ C:\Users\kusha\OneDrive\Desktop\FSAD\BACKENDSDPWORKSPACE\SpringBootSDPProject\pom.xml.
2025-04-15 23:28:12,060 [Worker-47: Import Getting Started Content] INFO  o.e.m.j.i.AbstractJavaProjectConfigurator - Adding source folder /SpringBootSDPProject/src/main/java
2025-04-15 23:28:12,063 [Worker-47: Import Getting Started Content] INFO  o.e.m.j.i.AbstractJavaProjectConfigurator - Adding resource folder /SpringBootSDPProject/src/main/resources
2025-04-15 23:28:12,084 [Worker-47: Import Getting Started Content] INFO  o.e.m.j.i.AbstractJavaProjectConfigurator - Adding resource folder /SpringBootSDPProject/src/main/resources
2025-04-15 23:28:12,102 [Worker-47: Import Getting Started Content] INFO  o.e.m.j.i.AbstractJavaProjectConfigurator - Adding source folder /SpringBootSDPProject/src/test/java
2025-04-15 23:28:12,105 [Worker-47: Import Getting Started Content] INFO  o.e.m.j.i.AbstractJavaProjectConfigurator - Adding resource folder /SpringBootSDPProject/src/test/resources
2025-04-15 23:28:14,193 [Worker-47: Import Getting Started Content] INFO  o.e.m.c.i.p.ProjectConfigurationManager - Imported and configured 1 project(s) in 32 sec
2025-04-15 23:28:14,207 [Worker-47: Import Getting Started Content] INFO  o.e.m.c.i.p.ProjectConfigurationManager - Update started
2025-04-15 23:28:15,193 [Worker-47: Import Getting Started Content] INFO  o.e.m.c.i.l.LifecycleMappingFactory - Using org.eclipse.m2e.jdt.JarLifecycleMapping lifecycle mapping for MavenProject: com.klef.fsd.sdp:SpringBootSDPProject:0.0.1-SNAPSHOT @ C:\Users\kusha\OneDrive\Desktop\FSAD\BACKENDSDPWORKSPACE\SpringBootSDPProject\pom.xml.
2025-04-15 23:28:18,018 [Worker-47: Import Getting Started Content] INFO  o.e.m.j.i.AbstractJavaProjectConfigurator - Adding source folder /SpringBootSDPProject/src/main/java
2025-04-15 23:28:18,021 [Worker-47: Import Getting Started Content] INFO  o.e.m.j.i.AbstractJavaProjectConfigurator - Adding resource folder /SpringBootSDPProject/src/main/resources
2025-04-15 23:28:18,025 [Worker-47: Import Getting Started Content] INFO  o.e.m.j.i.AbstractJavaProjectConfigurator - Adding resource folder /SpringBootSDPProject/src/main/resources
2025-04-15 23:28:18,027 [Worker-47: Import Getting Started Content] INFO  o.e.m.j.i.AbstractJavaProjectConfigurator - Adding source folder /SpringBootSDPProject/src/test/java
2025-04-15 23:28:18,030 [Worker-47: Import Getting Started Content] INFO  o.e.m.j.i.AbstractJavaProjectConfigurator - Adding resource folder /SpringBootSDPProject/src/test/resources
2025-04-15 23:28:19,399 [Worker-47: Import Getting Started Content] INFO  o.e.m.c.i.p.ProjectConfigurationManager - Update completed for 1 poms: local refresh takes 0.00 sec, refresh facades takes 3.00 sec, update config takes 0.00 sec 
2025-04-15 23:28:20,245 [Worker-53: Updating Maven Project] INFO  o.e.m.c.i.p.ProjectConfigurationManager - Update started
2025-04-15 23:28:21,446 [Worker-53: Updating Maven Project] INFO  o.e.m.c.i.l.LifecycleMappingFactory - Using org.eclipse.m2e.jdt.JarLifecycleMapping lifecycle mapping for MavenProject: com.klef.fsd.sdp:SpringBootSDPProject:0.0.1-SNAPSHOT @ C:\Users\kusha\OneDrive\Desktop\FSAD\BACKENDSDPWORKSPACE\SpringBootSDPProject\pom.xml.
2025-04-15 23:28:23,184 [Worker-53: Updating Maven Project] INFO  o.e.m.j.i.AbstractJavaProjectConfigurator - Adding source folder /SpringBootSDPProject/src/main/java
2025-04-15 23:28:23,188 [Worker-53: Updating Maven Project] INFO  o.e.m.j.i.AbstractJavaProjectConfigurator - Adding resource folder /SpringBootSDPProject/src/main/resources
2025-04-15 23:28:23,191 [Worker-53: Updating Maven Project] INFO  o.e.m.j.i.AbstractJavaProjectConfigurator - Adding resource folder /SpringBootSDPProject/src/main/resources
2025-04-15 23:28:23,193 [Worker-53: Updating Maven Project] INFO  o.e.m.j.i.AbstractJavaProjectConfigurator - Adding source folder /SpringBootSDPProject/src/test/java
2025-04-15 23:28:23,197 [Worker-53: Updating Maven Project] INFO  o.e.m.j.i.AbstractJavaProjectConfigurator - Adding resource folder /SpringBootSDPProject/src/test/resources
2025-04-15 23:28:24,008 [Worker-53: Updating Maven Project] INFO  o.e.m.c.i.p.ProjectConfigurationManager - Update completed for 1 poms: local refresh takes 0.00 sec, refresh facades takes 2.00 sec, update config takes 0.00 sec 
2025-04-15 23:28:25,409 [Worker-52: Building] INFO  o.a.m.s.f.DefaultMavenResourcesFiltering - Copying 1 resource from src\main\resources to target\classes
2025-04-15 23:28:25,455 [Worker-52: Building] INFO  o.a.m.s.f.DefaultMavenResourcesFiltering - Copying 0 resource from src\main\resources to target\classes
2025-04-15 23:28:25,475 [Worker-52: Building] INFO  o.a.m.s.f.DefaultMavenResourcesFiltering - skip non existing resourceDirectory C:\Users\kusha\OneDrive\Desktop\FSAD\BACKENDSDPWORKSPACE\SpringBootSDPProject\src\test\resources
2025-04-15 23:46:35,742 [Worker-51: Building] INFO  o.a.m.s.f.DefaultMavenResourcesFiltering - Copying 1 resource from src\main\resources to target\classes
2025-04-15 23:46:35,891 [Worker-51: Building] INFO  o.a.m.s.f.DefaultMavenResourcesFiltering - Copying 0 resource from src\main\resources to target\classes
2025-04-15 23:46:35,920 [Worker-51: Building] INFO  o.a.m.s.f.DefaultMavenResourcesFiltering - skip non existing resourceDirectory C:\Users\kusha\OneDrive\Desktop\FSAD\BACKENDSDPWORKSPACE\SpringBootSDPProject\src\test\resources
2025-04-15 23:47:03,738 [Worker-52: Building] INFO  o.a.m.s.f.DefaultMavenResourcesFiltering - Copying 1 resource from src\main\resources to target\classes
2025-04-15 23:47:03,842 [Worker-52: Building] INFO  o.a.m.s.f.DefaultMavenResourcesFiltering - Copying 0 resource from src\main\resources to target\classes
2025-04-15 23:47:03,868 [Worker-52: Building] INFO  o.a.m.s.f.DefaultMavenResourcesFiltering - skip non existing resourceDirectory C:\Users\kusha\OneDrive\Desktop\FSAD\BACKENDSDPWORKSPACE\SpringBootSDPProject\src\test\resources
2025-04-15 23:47:50,452 [Worker-55: Building] INFO  o.a.m.s.f.DefaultMavenResourcesFiltering - Copying 1 resource from src\main\resources to target\classes
2025-04-15 23:47:50,522 [Worker-55: Building] INFO  o.a.m.s.f.DefaultMavenResourcesFiltering - Copying 0 resource from src\main\resources to target\classes
2025-04-15 23:47:50,544 [Worker-55: Building] INFO  o.a.m.s.f.DefaultMavenResourcesFiltering - skip non existing resourceDirectory C:\Users\kusha\OneDrive\Desktop\FSAD\BACKENDSDPWORKSPACE\SpringBootSDPProject\src\test\resources
2025-04-15 23:48:05,318 [Worker-49: Building] INFO  o.a.m.s.f.DefaultMavenResourcesFiltering - Copying 1 resource from src\main\resources to target\classes
2025-04-15 23:48:05,382 [Worker-49: Building] INFO  o.a.m.s.f.DefaultMavenResourcesFiltering - Copying 0 resource from src\main\resources to target\classes
2025-04-15 23:48:05,406 [Worker-49: Building] INFO  o.a.m.s.f.DefaultMavenResourcesFiltering - skip non existing resourceDirectory C:\Users\kusha\OneDrive\Desktop\FSAD\BACKENDSDPWORKSPACE\SpringBootSDPProject\src\test\resources
2025-04-15 23:48:14,895 [Worker-57: Building] INFO  o.a.m.s.f.DefaultMavenResourcesFiltering - Copying 1 resource from src\main\resources to target\classes
2025-04-15 23:48:14,936 [Worker-57: Building] INFO  o.a.m.s.f.DefaultMavenResourcesFiltering - Copying 0 resource from src\main\resources to target\classes
2025-04-15 23:48:14,949 [Worker-57: Building] INFO  o.a.m.s.f.DefaultMavenResourcesFiltering - skip non existing resourceDirectory C:\Users\kusha\OneDrive\Desktop\FSAD\BACKENDSDPWORKSPACE\SpringBootSDPProject\src\test\resources
2025-04-15 23:49:26,344 [Worker-56: Building] INFO  o.a.m.s.f.DefaultMavenResourcesFiltering - Copying 1 resource from src\main\resources to target\classes
2025-04-15 23:49:26,475 [Worker-56: Building] INFO  o.a.m.s.f.DefaultMavenResourcesFiltering - Copying 0 resource from src\main\resources to target\classes
2025-04-15 23:49:26,489 [Worker-56: Building] INFO  o.a.m.s.f.DefaultMavenResourcesFiltering - skip non existing resourceDirectory C:\Users\kusha\OneDrive\Desktop\FSAD\BACKENDSDPWORKSPACE\SpringBootSDPProject\src\test\resources
2025-04-15 23:50:36,604 [Worker-55: Building] INFO  o.a.m.s.f.DefaultMavenResourcesFiltering - Copying 1 resource from src\main\resources to target\classes
2025-04-15 23:50:36,671 [Worker-55: Building] INFO  o.a.m.s.f.DefaultMavenResourcesFiltering - Copying 0 resource from src\main\resources to target\classes
2025-04-15 23:50:36,688 [Worker-55: Building] INFO  o.a.m.s.f.DefaultMavenResourcesFiltering - skip non existing resourceDirectory C:\Users\kusha\OneDrive\Desktop\FSAD\BACKENDSDPWORKSPACE\SpringBootSDPProject\src\test\resources
2025-04-15 23:50:48,186 [Worker-58: Building] INFO  o.a.m.s.f.DefaultMavenResourcesFiltering - Copying 1 resource from src\main\resources to target\classes
2025-04-15 23:50:48,248 [Worker-58: Building] INFO  o.a.m.s.f.DefaultMavenResourcesFiltering - Copying 0 resource from src\main\resources to target\classes
2025-04-15 23:50:48,267 [Worker-58: Building] INFO  o.a.m.s.f.DefaultMavenResourcesFiltering - skip non existing resourceDirectory C:\Users\kusha\OneDrive\Desktop\FSAD\BACKENDSDPWORKSPACE\SpringBootSDPProject\src\test\resources
2025-04-15 23:50:57,600 [Worker-52: Building] INFO  o.a.m.s.f.DefaultMavenResourcesFiltering - Copying 1 resource from src\main\resources to target\classes
2025-04-15 23:50:57,627 [Worker-52: Building] INFO  o.a.m.s.f.DefaultMavenResourcesFiltering - Copying 0 resource from src\main\resources to target\classes
2025-04-15 23:50:57,636 [Worker-52: Building] INFO  o.a.m.s.f.DefaultMavenResourcesFiltering - skip non existing resourceDirectory C:\Users\kusha\OneDrive\Desktop\FSAD\BACKENDSDPWORKSPACE\SpringBootSDPProject\src\test\resources
2025-04-15 23:51:42,545 [Worker-51: Building] INFO  o.a.m.s.f.DefaultMavenResourcesFiltering - Copying 1 resource from src\main\resources to target\classes
2025-04-15 23:51:42,587 [Worker-51: Building] INFO  o.a.m.s.f.DefaultMavenResourcesFiltering - Copying 0 resource from src\main\resources to target\classes
2025-04-15 23:51:42,606 [Worker-51: Building] INFO  o.a.m.s.f.DefaultMavenResourcesFiltering - skip non existing resourceDirectory C:\Users\kusha\OneDrive\Desktop\FSAD\BACKENDSDPWORKSPACE\SpringBootSDPProject\src\test\resources
2025-04-15 23:54:12,016 [Worker-55: Building] INFO  o.a.m.s.f.DefaultMavenResourcesFiltering - Copying 1 resource from src\main\resources to target\classes
2025-04-15 23:54:12,146 [Worker-55: Building] INFO  o.a.m.s.f.DefaultMavenResourcesFiltering - Copying 0 resource from src\main\resources to target\classes
2025-04-15 23:54:12,161 [Worker-55: Building] INFO  o.a.m.s.f.DefaultMavenResourcesFiltering - skip non existing resourceDirectory C:\Users\kusha\OneDrive\Desktop\FSAD\BACKENDSDPWORKSPACE\SpringBootSDPProject\src\test\resources
2025-04-15 23:54:19,846 [Worker-56: Building] INFO  o.a.m.s.f.DefaultMavenResourcesFiltering - Copying 1 resource from src\main\resources to target\classes
2025-04-15 23:54:19,930 [Worker-56: Building] INFO  o.a.m.s.f.DefaultMavenResourcesFiltering - Copying 0 resource from src\main\resources to target\classes
2025-04-15 23:54:19,944 [Worker-56: Building] INFO  o.a.m.s.f.DefaultMavenResourcesFiltering - skip non existing resourceDirectory C:\Users\kusha\OneDrive\Desktop\FSAD\BACKENDSDPWORKSPACE\SpringBootSDPProject\src\test\resources
2025-04-15 23:54:34,902 [Worker-57: Building] INFO  o.a.m.s.f.DefaultMavenResourcesFiltering - Copying 1 resource from src\main\resources to target\classes
2025-04-15 23:54:34,956 [Worker-57: Building] INFO  o.a.m.s.f.DefaultMavenResourcesFiltering - Copying 0 resource from src\main\resources to target\classes
2025-04-15 23:54:34,970 [Worker-57: Building] INFO  o.a.m.s.f.DefaultMavenResourcesFiltering - skip non existing resourceDirectory C:\Users\kusha\OneDrive\Desktop\FSAD\BACKENDSDPWORKSPACE\SpringBootSDPProject\src\test\resources
2025-04-15 23:55:56,383 [Worker-57: Building] INFO  o.a.m.s.f.DefaultMavenResourcesFiltering - Copying 1 resource from src\main\resources to target\classes
2025-04-15 23:55:56,429 [Worker-57: Building] INFO  o.a.m.s.f.DefaultMavenResourcesFiltering - Copying 0 resource from src\main\resources to target\classes
2025-04-15 23:55:56,442 [Worker-57: Building] INFO  o.a.m.s.f.DefaultMavenResourcesFiltering - skip non existing resourceDirectory C:\Users\kusha\OneDrive\Desktop\FSAD\BACKENDSDPWORKSPACE\SpringBootSDPProject\src\test\resources
2025-04-15 23:56:08,198 [Worker-49: Building] INFO  o.a.m.s.f.DefaultMavenResourcesFiltering - Copying 1 resource from src\main\resources to target\classes
2025-04-15 23:56:08,253 [Worker-49: Building] INFO  o.a.m.s.f.DefaultMavenResourcesFiltering - Copying 0 resource from src\main\resources to target\classes
2025-04-15 23:56:08,265 [Worker-49: Building] INFO  o.a.m.s.f.DefaultMavenResourcesFiltering - skip non existing resourceDirectory C:\Users\kusha\OneDrive\Desktop\FSAD\BACKENDSDPWORKSPACE\SpringBootSDPProject\src\test\resources
2025-04-15 23:56:20,842 [Worker-51: Building] INFO  o.a.m.s.f.DefaultMavenResourcesFiltering - Copying 1 resource from src\main\resources to target\classes
2025-04-15 23:56:20,938 [Worker-51: Building] INFO  o.a.m.s.f.DefaultMavenResourcesFiltering - Copying 0 resource from src\main\resources to target\classes
2025-04-15 23:56:20,953 [Worker-51: Building] INFO  o.a.m.s.f.DefaultMavenResourcesFiltering - skip non existing resourceDirectory C:\Users\kusha\OneDrive\Desktop\FSAD\BACKENDSDPWORKSPACE\SpringBootSDPProject\src\test\resources
2025-04-15 23:56:32,711 [Worker-57: Building] INFO  o.a.m.s.f.DefaultMavenResourcesFiltering - Copying 1 resource from src\main\resources to target\classes
2025-04-15 23:56:32,793 [Worker-57: Building] INFO  o.a.m.s.f.DefaultMavenResourcesFiltering - Copying 0 resource from src\main\resources to target\classes
2025-04-15 23:56:32,805 [Worker-57: Building] INFO  o.a.m.s.f.DefaultMavenResourcesFiltering - skip non existing resourceDirectory C:\Users\kusha\OneDrive\Desktop\FSAD\BACKENDSDPWORKSPACE\SpringBootSDPProject\src\test\resources
2025-04-16 00:02:12,549 [Worker-49: Launching SpringBootSDPProject - SpringBootSdpProjectApplication] INFO  o.a.m.s.f.DefaultMavenResourcesFiltering - Copying 1 resource from src\main\resources to target\classes
2025-04-16 00:02:13,023 [Worker-49: Launching SpringBootSDPProject - SpringBootSdpProjectApplication] INFO  o.a.m.s.f.DefaultMavenResourcesFiltering - Copying 0 resource from src\main\resources to target\classes
2025-04-16 00:02:13,051 [Worker-49: Launching SpringBootSDPProject - SpringBootSdpProjectApplication] INFO  o.a.m.s.f.DefaultMavenResourcesFiltering - skip non existing resourceDirectory C:\Users\kusha\OneDrive\Desktop\FSAD\BACKENDSDPWORKSPACE\SpringBootSDPProject\src\test\resources
2025-04-16 00:03:33,061 [Worker-61: Building] INFO  o.a.m.s.f.DefaultMavenResourcesFiltering - Copying 1 resource from src\main\resources to target\classes
2025-04-16 00:03:33,143 [Worker-61: Building] INFO  o.a.m.s.f.DefaultMavenResourcesFiltering - Copying 0 resource from src\main\resources to target\classes
2025-04-16 00:03:33,153 [Worker-61: Building] INFO  o.a.m.s.f.DefaultMavenResourcesFiltering - skip non existing resourceDirectory C:\Users\kusha\OneDrive\Desktop\FSAD\BACKENDSDPWORKSPACE\SpringBootSDPProject\src\test\resources
2025-05-06 20:36:15,916 [Worker-5: Loading available Gradle versions] INFO  o.e.b.c.i.u.g.PublishedGradleVersions - Gradle version information cache is out-of-date. Trying to update.
2025-05-06 20:53:28,480 [Worker-24: Building] INFO  o.a.m.s.f.DefaultMavenResourcesFiltering - Copying 1 resource from src\main\resources to target\classes
2025-05-06 20:53:28,647 [Worker-24: Building] INFO  o.a.m.s.f.DefaultMavenResourcesFiltering - Copying 0 resource from src\main\resources to target\classes
2025-05-06 20:53:28,665 [Worker-24: Building] INFO  o.a.m.s.f.DefaultMavenResourcesFiltering - skip non existing resourceDirectory C:\Users\kusha\OneDrive\Desktop\FSAD\BACKENDSDPWORKSPACE\SpringBootSDPProject\src\test\resources
2025-05-06 20:54:37,509 [Worker-8: Building] INFO  o.a.m.s.f.DefaultMavenResourcesFiltering - Copying 1 resource from src\main\resources to target\classes
2025-05-06 20:54:37,594 [Worker-8: Building] INFO  o.a.m.s.f.DefaultMavenResourcesFiltering - Copying 0 resource from src\main\resources to target\classes
2025-05-06 20:54:37,609 [Worker-8: Building] INFO  o.a.m.s.f.DefaultMavenResourcesFiltering - skip non existing resourceDirectory C:\Users\kusha\OneDrive\Desktop\FSAD\BACKENDSDPWORKSPACE\SpringBootSDPProject\src\test\resources
2025-05-06 20:56:19,519 [Worker-24: Building] INFO  o.a.m.s.f.DefaultMavenResourcesFiltering - Copying 1 resource from src\main\resources to target\classes
2025-05-06 20:56:19,697 [Worker-24: Building] INFO  o.a.m.s.f.DefaultMavenResourcesFiltering - Copying 0 resource from src\main\resources to target\classes
2025-05-06 20:56:19,715 [Worker-24: Building] INFO  o.a.m.s.f.DefaultMavenResourcesFiltering - skip non existing resourceDirectory C:\Users\kusha\OneDrive\Desktop\FSAD\BACKENDSDPWORKSPACE\SpringBootSDPProject\src\test\resources
2025-05-06 20:57:49,249 [Worker-11: Building] INFO  o.a.m.s.f.DefaultMavenResourcesFiltering - Copying 1 resource from src\main\resources to target\classes
2025-05-06 20:57:49,365 [Worker-11: Building] INFO  o.a.m.s.f.DefaultMavenResourcesFiltering - Copying 0 resource from src\main\resources to target\classes
2025-05-06 20:57:49,379 [Worker-11: Building] INFO  o.a.m.s.f.DefaultMavenResourcesFiltering - skip non existing resourceDirectory C:\Users\kusha\OneDrive\Desktop\FSAD\BACKENDSDPWORKSPACE\SpringBootSDPProject\src\test\resources
2025-05-06 20:59:06,554 [Worker-24: Building] INFO  o.a.m.s.f.DefaultMavenResourcesFiltering - Copying 1 resource from src\main\resources to target\classes
2025-05-06 20:59:06,691 [Worker-24: Building] INFO  o.a.m.s.f.DefaultMavenResourcesFiltering - Copying 0 resource from src\main\resources to target\classes
2025-05-06 20:59:06,706 [Worker-24: Building] INFO  o.a.m.s.f.DefaultMavenResourcesFiltering - skip non existing resourceDirectory C:\Users\kusha\OneDrive\Desktop\FSAD\BACKENDSDPWORKSPACE\SpringBootSDPProject\src\test\resources
2025-05-06 21:00:12,611 [Worker-1: Building] INFO  o.a.m.s.f.DefaultMavenResourcesFiltering - Copying 1 resource from src\main\resources to target\classes
2025-05-06 21:00:12,787 [Worker-1: Building] INFO  o.a.m.s.f.DefaultMavenResourcesFiltering - Copying 0 resource from src\main\resources to target\classes
2025-05-06 21:00:12,805 [Worker-1: Building] INFO  o.a.m.s.f.DefaultMavenResourcesFiltering - skip non existing resourceDirectory C:\Users\kusha\OneDrive\Desktop\FSAD\BACKENDSDPWORKSPACE\SpringBootSDPProject\src\test\resources
2025-05-07 00:50:17,801 [Worker-3: Launching SpringBootSDPProject - SpringBootSdpProjectApplication] INFO  o.a.m.s.f.DefaultMavenResourcesFiltering - Copying 1 resource from src\main\resources to target\classes
2025-05-07 00:50:18,138 [Worker-3: Launching SpringBootSDPProject - SpringBootSdpProjectApplication] INFO  o.a.m.s.f.DefaultMavenResourcesFiltering - Copying 0 resource from src\main\resources to target\classes
2025-05-07 00:50:18,171 [Worker-3: Launching SpringBootSDPProject - SpringBootSdpProjectApplication] INFO  o.a.m.s.f.DefaultMavenResourcesFiltering - skip non existing resourceDirectory C:\Users\kusha\OneDrive\Desktop\FSAD\BACKENDSDPWORKSPACE\SpringBootSDPProject\src\test\resources
2025-09-23 03:06:05,508 [Worker-6: Loading available Gradle versions] INFO  o.e.b.c.i.u.g.PublishedGradleVersions - Gradle version information cache is out-of-date. Trying to update.
2025-09-23 03:06:07,872 [Worker-6: Loading available Gradle versions] INFO  o.e.b.c.i.u.g.PublishedGradleVersions - Updating Gradle version information cache failed. Using outdated cache.
2025-09-23 03:06:32,039 [Worker-9: Building] INFO  o.e.m.c.i.l.LifecycleMappingFactory - Using org.eclipse.m2e.jdt.JarLifecycleMapping lifecycle mapping for MavenProject: com.klef.fsd.sdp:SpringBootSDPProject:0.0.1-SNAPSHOT @ C:\Users\kusha\OneDrive\Desktop\BACKENDSDPWORKSPACE\SpringBootSDPProject\pom.xml.
2025-09-23 03:06:33,186 [Worker-9: Building] INFO  o.a.m.s.f.DefaultMavenResourcesFiltering - Copying 1 resource from src\main\resources to target\classes
2025-09-23 03:06:33,210 [Worker-9: Building] INFO  o.a.m.s.f.DefaultMavenResourcesFiltering - Copying 0 resource from src\main\resources to target\classes
2025-09-23 03:06:33,217 [Worker-9: Building] INFO  o.a.m.s.f.DefaultMavenResourcesFiltering - skip non existing resourceDirectory C:\Users\kusha\OneDrive\Desktop\BACKENDSDPWORKSPACE\SpringBootSDPProject\src\test\resources
2025-09-23 03:06:37,889 [Worker-12: Building] INFO  o.e.m.c.i.l.LifecycleMappingFactory - Using org.eclipse.m2e.jdt.JarLifecycleMapping lifecycle mapping for MavenProject: com.klef.fsd.sdp:SpringBootSDPProject:0.0.1-SNAPSHOT @ C:\Users\kusha\OneDrive\Desktop\BACKENDSDPWORKSPACE\SpringBootSDPProject\pom.xml.
2025-09-23 03:06:39,959 [Worker-12: Building] INFO  o.a.m.s.f.DefaultMavenResourcesFiltering - Copying 1 resource from src\main\resources to target\classes
2025-09-23 03:06:39,992 [Worker-12: Building] INFO  o.a.m.s.f.DefaultMavenResourcesFiltering - Copying 0 resource from src\main\resources to target\classes
2025-09-23 03:06:40,002 [Worker-12: Building] INFO  o.a.m.s.f.DefaultMavenResourcesFiltering - skip non existing resourceDirectory C:\Users\kusha\OneDrive\Desktop\BACKENDSDPWORKSPACE\SpringBootSDPProject\src\test\resources
2025-09-23 11:20:34,523 [Worker-6: Loading available Gradle versions] INFO  o.e.b.c.i.u.g.PublishedGradleVersions - Gradle version information cache is out-of-date. Trying to update.
2025-09-23 11:20:36,723 [Worker-6: Loading available Gradle versions] INFO  o.e.b.c.i.u.g.PublishedGradleVersions - Updating Gradle version information cache failed. Using outdated cache.
2025-09-23 15:37:14,968 [Worker-7: Loading available Gradle versions] INFO  o.e.b.c.i.u.g.PublishedGradleVersions - Gradle version information cache is out-of-date. Trying to update.
2025-09-23 15:40:00,060 [Worker-6: Building] INFO  o.a.m.s.f.DefaultMavenResourcesFiltering - Copying 1 resource from src\main\resources to target\classes
2025-09-23 15:40:00,111 [Worker-6: Building] INFO  o.a.m.s.f.DefaultMavenResourcesFiltering - Copying 0 resource from src\main\resources to target\classes
2025-09-23 15:40:00,123 [Worker-6: Building] INFO  o.a.m.s.f.DefaultMavenResourcesFiltering - skip non existing resourceDirectory C:\Users\kusha\OneDrive\Desktop\BACKENDSDPWORKSPACE\SpringBootSDPProject\src\test\resources
2025-09-23 15:40:55,894 [Worker-27: Building] INFO  o.a.m.s.f.DefaultMavenResourcesFiltering - Copying 1 resource from src\main\resources to target\classes
2025-09-23 15:40:55,907 [Worker-27: Building] INFO  o.a.m.s.f.DefaultMavenResourcesFiltering - Copying 0 resource from src\main\resources to target\classes
2025-09-23 15:40:55,911 [Worker-27: Building] INFO  o.a.m.s.f.DefaultMavenResourcesFiltering - skip non existing resourceDirectory C:\Users\kusha\OneDrive\Desktop\BACKENDSDPWORKSPACE\SpringBootSDPProject\src\test\resources
2025-09-23 15:41:08,445 [Worker-22: Building] INFO  o.a.m.s.f.DefaultMavenResourcesFiltering - Copying 1 resource from src\main\resources to target\classes
2025-09-23 15:41:08,456 [Worker-22: Building] INFO  o.a.m.s.f.DefaultMavenResourcesFiltering - Copying 0 resource from src\main\resources to target\classes
2025-09-23 15:41:08,460 [Worker-22: Building] INFO  o.a.m.s.f.DefaultMavenResourcesFiltering - skip non existing resourceDirectory C:\Users\kusha\OneDrive\Desktop\BACKENDSDPWORKSPACE\SpringBootSDPProject\src\test\resources
2025-09-23 15:41:12,500 [Worker-4: Building] INFO  o.a.m.s.f.DefaultMavenResourcesFiltering - Copying 1 resource from src\main\resources to target\classes
2025-09-23 15:41:12,515 [Worker-4: Building] INFO  o.a.m.s.f.DefaultMavenResourcesFiltering - Copying 0 resource from src\main\resources to target\classes
2025-09-23 15:41:12,521 [Worker-4: Building] INFO  o.a.m.s.f.DefaultMavenResourcesFiltering - skip non existing resourceDirectory C:\Users\kusha\OneDrive\Desktop\BACKENDSDPWORKSPACE\SpringBootSDPProject\src\test\resources
2025-09-23 15:42:57,515 [Worker-28: Building] INFO  o.a.m.s.f.DefaultMavenResourcesFiltering - Copying 1 resource from src\main\resources to target\classes
2025-09-23 15:42:57,571 [Worker-28: Building] INFO  o.a.m.s.f.DefaultMavenResourcesFiltering - Copying 0 resource from src\main\resources to target\classes
2025-09-23 15:42:57,580 [Worker-28: Building] INFO  o.a.m.s.f.DefaultMavenResourcesFiltering - skip non existing resourceDirectory C:\Users\kusha\OneDrive\Desktop\BACKENDSDPWORKSPACE\SpringBootSDPProject\src\test\resources
2025-09-23 15:43:45,859 [Worker-0: Building] INFO  o.a.m.s.f.DefaultMavenResourcesFiltering - Copying 1 resource from src\main\resources to target\classes
2025-09-23 15:43:45,898 [Worker-0: Building] INFO  o.a.m.s.f.DefaultMavenResourcesFiltering - Copying 0 resource from src\main\resources to target\classes
2025-09-23 15:43:45,908 [Worker-0: Building] INFO  o.a.m.s.f.DefaultMavenResourcesFiltering - skip non existing resourceDirectory C:\Users\kusha\OneDrive\Desktop\BACKENDSDPWORKSPACE\SpringBootSDPProject\src\test\resources
2025-09-23 15:44:05,800 [Worker-1: Building] INFO  o.a.m.s.f.DefaultMavenResourcesFiltering - Copying 1 resource from src\main\resources to target\classes
2025-09-23 15:44:05,814 [Worker-1: Building] INFO  o.a.m.s.f.DefaultMavenResourcesFiltering - Copying 0 resource from src\main\resources to target\classes
2025-09-23 15:44:05,819 [Worker-1: Building] INFO  o.a.m.s.f.DefaultMavenResourcesFiltering - skip non existing resourceDirectory C:\Users\kusha\OneDrive\Desktop\BACKENDSDPWORKSPACE\SpringBootSDPProject\src\test\resources
2025-09-23 15:44:19,182 [Worker-17: Building] INFO  o.a.m.s.f.DefaultMavenResourcesFiltering - Copying 1 resource from src\main\resources to target\classes
2025-09-23 15:44:19,194 [Worker-17: Building] INFO  o.a.m.s.f.DefaultMavenResourcesFiltering - Copying 0 resource from src\main\resources to target\classes
2025-09-23 15:44:19,200 [Worker-17: Building] INFO  o.a.m.s.f.DefaultMavenResourcesFiltering - skip non existing resourceDirectory C:\Users\kusha\OneDrive\Desktop\BACKENDSDPWORKSPACE\SpringBootSDPProject\src\test\resources
2025-09-23 15:44:34,994 [Worker-24: Building] INFO  o.a.m.s.f.DefaultMavenResourcesFiltering - Copying 1 resource from src\main\resources to target\classes
2025-09-23 15:44:35,014 [Worker-24: Building] INFO  o.a.m.s.f.DefaultMavenResourcesFiltering - Copying 0 resource from src\main\resources to target\classes
2025-09-23 15:44:35,019 [Worker-24: Building] INFO  o.a.m.s.f.DefaultMavenResourcesFiltering - skip non existing resourceDirectory C:\Users\kusha\OneDrive\Desktop\BACKENDSDPWORKSPACE\SpringBootSDPProject\src\test\resources
2025-09-23 15:44:41,129 [Worker-6: Building] INFO  o.a.m.s.f.DefaultMavenResourcesFiltering - Copying 1 resource from src\main\resources to target\classes
2025-09-23 15:44:41,141 [Worker-6: Building] INFO  o.a.m.s.f.DefaultMavenResourcesFiltering - Copying 0 resource from src\main\resources to target\classes
2025-09-23 15:44:41,148 [Worker-6: Building] INFO  o.a.m.s.f.DefaultMavenResourcesFiltering - skip non existing resourceDirectory C:\Users\kusha\OneDrive\Desktop\BACKENDSDPWORKSPACE\SpringBootSDPProject\src\test\resources
2025-09-23 15:45:50,644 [Worker-16: Building] INFO  o.a.m.s.f.DefaultMavenResourcesFiltering - Copying 1 resource from src\main\resources to target\classes
2025-09-23 15:45:50,668 [Worker-16: Building] INFO  o.a.m.s.f.DefaultMavenResourcesFiltering - Copying 0 resource from src\main\resources to target\classes
2025-09-23 15:45:50,683 [Worker-16: Building] INFO  o.a.m.s.f.DefaultMavenResourcesFiltering - skip non existing resourceDirectory C:\Users\kusha\OneDrive\Desktop\BACKENDSDPWORKSPACE\SpringBootSDPProject\src\test\resources
2025-09-23 15:46:07,323 [Worker-26: Building] INFO  o.a.m.s.f.DefaultMavenResourcesFiltering - Copying 1 resource from src\main\resources to target\classes
2025-09-23 15:46:07,343 [Worker-26: Building] INFO  o.a.m.s.f.DefaultMavenResourcesFiltering - Copying 0 resource from src\main\resources to target\classes
2025-09-23 15:46:07,348 [Worker-26: Building] INFO  o.a.m.s.f.DefaultMavenResourcesFiltering - skip non existing resourceDirectory C:\Users\kusha\OneDrive\Desktop\BACKENDSDPWORKSPACE\SpringBootSDPProject\src\test\resources
2025-09-23 15:46:20,361 [Worker-27: Building] INFO  o.a.m.s.f.DefaultMavenResourcesFiltering - Copying 1 resource from src\main\resources to target\classes
2025-09-23 15:46:20,375 [Worker-27: Building] INFO  o.a.m.s.f.DefaultMavenResourcesFiltering - Copying 0 resource from src\main\resources to target\classes
2025-09-23 15:46:20,379 [Worker-27: Building] INFO  o.a.m.s.f.DefaultMavenResourcesFiltering - skip non existing resourceDirectory C:\Users\kusha\OneDrive\Desktop\BACKENDSDPWORKSPACE\SpringBootSDPProject\src\test\resources
2025-09-23 15:46:31,117 [Worker-5: Building] INFO  o.a.m.s.f.DefaultMavenResourcesFiltering - Copying 1 resource from src\main\resources to target\classes
2025-09-23 15:46:31,131 [Worker-5: Building] INFO  o.a.m.s.f.DefaultMavenResourcesFiltering - Copying 0 resource from src\main\resources to target\classes
2025-09-23 15:46:31,135 [Worker-5: Building] INFO  o.a.m.s.f.DefaultMavenResourcesFiltering - skip non existing resourceDirectory C:\Users\kusha\OneDrive\Desktop\BACKENDSDPWORKSPACE\SpringBootSDPProject\src\test\resources
2025-09-23 15:51:35,317 [Worker-4: Building] INFO  o.a.m.s.f.DefaultMavenResourcesFiltering - Copying 1 resource from src\main\resources to target\classes
2025-09-23 15:51:35,368 [Worker-4: Building] INFO  o.a.m.s.f.DefaultMavenResourcesFiltering - Copying 0 resource from src\main\resources to target\classes
2025-09-23 15:51:35,374 [Worker-4: Building] INFO  o.a.m.s.f.DefaultMavenResourcesFiltering - skip non existing resourceDirectory C:\Users\kusha\OneDrive\Desktop\BACKENDSDPWORKSPACE\SpringBootSDPProject\src\test\resources
2025-09-23 15:58:54,445 [Worker-24: Launching SpringBootSDPProject - SpringBootSdpProjectApplication] INFO  o.a.m.s.f.DefaultMavenResourcesFiltering - Copying 1 resource from src\main\resources to target\classes
2025-09-23 15:58:54,536 [Worker-24: Launching SpringBootSDPProject - SpringBootSdpProjectApplication] INFO  o.a.m.s.f.DefaultMavenResourcesFiltering - Copying 0 resource from src\main\resources to target\classes
2025-09-23 15:58:54,544 [Worker-24: Launching SpringBootSDPProject - SpringBootSdpProjectApplication] INFO  o.a.m.s.f.DefaultMavenResourcesFiltering - skip non existing resourceDirectory C:\Users\kusha\OneDrive\Desktop\BACKENDSDPWORKSPACE\SpringBootSDPProject\src\test\resources
2025-09-24 07:51:05,604 [Worker-4: Loading available Gradle versions] INFO  o.e.b.c.i.u.g.PublishedGradleVersions - Gradle version information cache is up-to-date. Trying to read.
2025-09-24 08:16:43,099 [Worker-25: Launching SpringBootSDPProject - SpringBootSdpProjectApplication] INFO  o.a.m.s.f.DefaultMavenResourcesFiltering - Copying 1 resource from src\main\resources to target\classes
2025-09-24 08:16:43,161 [Worker-25: Launching SpringBootSDPProject - SpringBootSdpProjectApplication] INFO  o.a.m.s.f.DefaultMavenResourcesFiltering - Copying 0 resource from src\main\resources to target\classes
2025-09-24 08:16:43,169 [Worker-25: Launching SpringBootSDPProject - SpringBootSdpProjectApplication] INFO  o.a.m.s.f.DefaultMavenResourcesFiltering - skip non existing resourceDirectory C:\Users\kusha\OneDrive\Desktop\BACKENDSDPWORKSPACE\SpringBootSDPProject\src\test\resources
2025-09-24 08:28:51,179 [Worker-30: Building] INFO  o.a.m.s.f.DefaultMavenResourcesFiltering - Copying 1 resource from src\main\resources to target\classes
2025-09-24 08:28:51,222 [Worker-30: Building] INFO  o.a.m.s.f.DefaultMavenResourcesFiltering - Copying 0 resource from src\main\resources to target\classes
2025-09-24 08:28:51,232 [Worker-30: Building] INFO  o.a.m.s.f.DefaultMavenResourcesFiltering - skip non existing resourceDirectory C:\Users\kusha\OneDrive\Desktop\BACKENDSDPWORKSPACE\SpringBootSDPProject\src\test\resources
2025-09-24 08:29:24,797 [Worker-28: Building] INFO  o.a.m.s.f.DefaultMavenResourcesFiltering - Copying 1 resource from src\main\resources to target\classes
2025-09-24 08:29:24,823 [Worker-28: Building] INFO  o.a.m.s.f.DefaultMavenResourcesFiltering - Copying 0 resource from src\main\resources to target\classes
2025-09-24 08:29:24,833 [Worker-28: Building] INFO  o.a.m.s.f.DefaultMavenResourcesFiltering - skip non existing resourceDirectory C:\Users\kusha\OneDrive\Desktop\BACKENDSDPWORKSPACE\SpringBootSDPProject\src\test\resources
2025-09-24 08:32:48,510 [Worker-38: Building] INFO  o.a.m.s.f.DefaultMavenResourcesFiltering - Copying 1 resource from src\main\resources to target\classes
2025-09-24 08:32:48,695 [Worker-38: Building] INFO  o.a.m.s.f.DefaultMavenResourcesFiltering - Copying 0 resource from src\main\resources to target\classes
2025-09-24 08:32:48,706 [Worker-38: Building] INFO  o.a.m.s.f.DefaultMavenResourcesFiltering - skip non existing resourceDirectory C:\Users\kusha\OneDrive\Desktop\BACKENDSDPWORKSPACE\SpringBootSDPProject\src\test\resources
2025-09-24 08:33:41,217 [Worker-35: Launching SpringBootSDPProject - SpringBootSdpProjectApplication] INFO  o.a.m.s.f.DefaultMavenResourcesFiltering - Copying 1 resource from src\main\resources to target\classes
2025-09-24 08:33:41,281 [Worker-35: Launching SpringBootSDPProject - SpringBootSdpProjectApplication] INFO  o.a.m.s.f.DefaultMavenResourcesFiltering - Copying 0 resource from src\main\resources to target\classes
2025-09-24 08:33:41,306 [Worker-35: Launching SpringBootSDPProject - SpringBootSdpProjectApplication] INFO  o.a.m.s.f.DefaultMavenResourcesFiltering - skip non existing resourceDirectory C:\Users\kusha\OneDrive\Desktop\BACKENDSDPWORKSPACE\SpringBootSDPProject\src\test\resources
2025-09-24 08:45:20,566 [Worker-41: Launching SpringBootSDPProject - SpringBootSdpProjectApplication] INFO  o.a.m.s.f.DefaultMavenResourcesFiltering - Copying 1 resource from src\main\resources to target\classes
2025-09-24 08:45:20,780 [Worker-41: Launching SpringBootSDPProject - SpringBootSdpProjectApplication] INFO  o.a.m.s.f.DefaultMavenResourcesFiltering - Copying 0 resource from src\main\resources to target\classes
2025-09-24 08:45:20,790 [Worker-41: Launching SpringBootSDPProject - SpringBootSdpProjectApplication] INFO  o.a.m.s.f.DefaultMavenResourcesFiltering - skip non existing resourceDirectory C:\Users\kusha\OneDrive\Desktop\BACKENDSDPWORKSPACE\SpringBootSDPProject\src\test\resources
2025-09-24 09:02:16,835 [Worker-35: Launching SpringBootSDPProject - SpringBootSdpProjectApplication] INFO  o.a.m.s.f.DefaultMavenResourcesFiltering - Copying 1 resource from src\main\resources to target\classes
2025-09-24 09:02:17,603 [Worker-35: Launching SpringBootSDPProject - SpringBootSdpProjectApplication] INFO  o.a.m.s.f.DefaultMavenResourcesFiltering - Copying 0 resource from src\main\resources to target\classes
2025-09-24 09:02:17,619 [Worker-35: Launching SpringBootSDPProject - SpringBootSdpProjectApplication] INFO  o.a.m.s.f.DefaultMavenResourcesFiltering - skip non existing resourceDirectory C:\Users\kusha\OneDrive\Desktop\BACKENDSDPWORKSPACE\SpringBootSDPProject\src\test\resources
2025-09-24 09:03:16,574 [Worker-37: Launching SpringBootSDPProject - SpringBootSdpProjectApplication] INFO  o.a.m.s.f.DefaultMavenResourcesFiltering - Copying 1 resource from src\main\resources to target\classes
2025-09-24 09:03:16,624 [Worker-37: Launching SpringBootSDPProject - SpringBootSdpProjectApplication] INFO  o.a.m.s.f.DefaultMavenResourcesFiltering - Copying 0 resource from src\main\resources to target\classes
2025-09-24 09:03:16,637 [Worker-37: Launching SpringBootSDPProject - SpringBootSdpProjectApplication] INFO  o.a.m.s.f.DefaultMavenResourcesFiltering - skip non existing resourceDirectory C:\Users\kusha\OneDrive\Desktop\BACKENDSDPWORKSPACE\SpringBootSDPProject\src\test\resources
2025-09-24 09:10:02,587 [Worker-42: Launching SpringBootSDPProject - SpringBootSdpProjectApplication] INFO  o.a.m.s.f.DefaultMavenResourcesFiltering - Copying 1 resource from src\main\resources to target\classes
2025-09-24 09:10:02,636 [Worker-42: Launching SpringBootSDPProject - SpringBootSdpProjectApplication] INFO  o.a.m.s.f.DefaultMavenResourcesFiltering - Copying 0 resource from src\main\resources to target\classes
2025-09-24 09:10:02,645 [Worker-42: Launching SpringBootSDPProject - SpringBootSdpProjectApplication] INFO  o.a.m.s.f.DefaultMavenResourcesFiltering - skip non existing resourceDirectory C:\Users\kusha\OneDrive\Desktop\BACKENDSDPWORKSPACE\SpringBootSDPProject\src\test\resources
2025-09-24 09:25:47,422 [Worker-7: Loading available Gradle versions] INFO  o.e.b.c.i.u.g.PublishedGradleVersions - Gradle version information cache is up-to-date. Trying to read.
2025-09-24 09:30:26,625 [Worker-5: Launching SpringBootSDPProject - SpringBootSdpProjectApplication] INFO  o.a.m.s.f.DefaultMavenResourcesFiltering - Copying 1 resource from src\main\resources to target\classes
2025-09-24 09:30:26,706 [Worker-5: Launching SpringBootSDPProject - SpringBootSdpProjectApplication] INFO  o.a.m.s.f.DefaultMavenResourcesFiltering - Copying 0 resource from src\main\resources to target\classes
2025-09-24 09:30:26,718 [Worker-5: Launching SpringBootSDPProject - SpringBootSdpProjectApplication] INFO  o.a.m.s.f.DefaultMavenResourcesFiltering - skip non existing resourceDirectory C:\Users\kusha\OneDrive\Desktop\BACKENDSDPWORKSPACE\SpringBootSDPProject\src\test\resources
2025-09-24 09:31:26,614 [Worker-38: Launching SpringBootSDPProject - SpringBootSdpProjectApplication] INFO  o.a.m.s.f.DefaultMavenResourcesFiltering - Copying 1 resource from src\main\resources to target\classes
2025-09-24 09:31:26,678 [Worker-38: Launching SpringBootSDPProject - SpringBootSdpProjectApplication] INFO  o.a.m.s.f.DefaultMavenResourcesFiltering - Copying 0 resource from src\main\resources to target\classes
2025-09-24 09:31:26,700 [Worker-38: Launching SpringBootSDPProject - SpringBootSdpProjectApplication] INFO  o.a.m.s.f.DefaultMavenResourcesFiltering - skip non existing resourceDirectory C:\Users\kusha\OneDrive\Desktop\BACKENDSDPWORKSPACE\SpringBootSDPProject\src\test\resources
2025-09-24 09:32:09,009 [Worker-43: Launching SpringBootSDPProject - SpringBootSdpProjectApplication] INFO  o.a.m.s.f.DefaultMavenResourcesFiltering - Copying 1 resource from src\main\resources to target\classes
2025-09-24 09:32:09,062 [Worker-43: Launching SpringBootSDPProject - SpringBootSdpProjectApplication] INFO  o.a.m.s.f.DefaultMavenResourcesFiltering - Copying 0 resource from src\main\resources to target\classes
2025-09-24 09:32:09,077 [Worker-43: Launching SpringBootSDPProject - SpringBootSdpProjectApplication] INFO  o.a.m.s.f.DefaultMavenResourcesFiltering - skip non existing resourceDirectory C:\Users\kusha\OneDrive\Desktop\BACKENDSDPWORKSPACE\SpringBootSDPProject\src\test\resources
2025-09-24 09:32:34,582 [Worker-15: Building] INFO  o.a.m.s.f.DefaultMavenResourcesFiltering - Copying 1 resource from src\main\resources to target\classes
2025-09-24 09:32:34,613 [Worker-15: Building] INFO  o.a.m.s.f.DefaultMavenResourcesFiltering - Copying 0 resource from src\main\resources to target\classes
2025-09-24 09:32:34,618 [Worker-15: Building] INFO  o.a.m.s.f.DefaultMavenResourcesFiltering - skip non existing resourceDirectory C:\Users\kusha\OneDrive\Desktop\BACKENDSDPWORKSPACE\SpringBootSDPProject\src\test\resources
2025-09-24 11:40:27,398 [Worker-6: Loading available Gradle versions] INFO  o.e.b.c.i.u.g.PublishedGradleVersions - Gradle version information cache is up-to-date. Trying to read.
2025-09-24 11:41:15,427 [Worker-30: Launching SpringBootSDPProject - SpringBootSdpProjectApplication] INFO  o.a.m.s.f.DefaultMavenResourcesFiltering - Copying 1 resource from src\main\resources to target\classes
2025-09-24 11:41:15,498 [Worker-30: Launching SpringBootSDPProject - SpringBootSdpProjectApplication] INFO  o.a.m.s.f.DefaultMavenResourcesFiltering - Copying 0 resource from src\main\resources to target\classes
2025-09-24 11:41:15,522 [Worker-30: Launching SpringBootSDPProject - SpringBootSdpProjectApplication] INFO  o.a.m.s.f.DefaultMavenResourcesFiltering - skip non existing resourceDirectory C:\Users\kusha\OneDrive\Desktop\BACKENDSDPWORKSPACE\SpringBootSDPProject\src\test\resources
